{
  "uid" : "9782a5a816555c58",
  "name" : "test_login_failure",
  "fullName" : "test_allure.TestLogin#test_login_failure",
  "historyId" : "ec96e39999f53a6ff844a9debe8d6116",
  "time" : {
    "start" : 1631086687710,
    "stop" : 1631086687710,
    "duration" : 0
  },
  "status" : "failed",
  "statusMessage" : "AssertionError: assert '1' == 1",
  "statusTrace" : "self = <test_allure.TestLogin object at 0x0000017B77CE3790>\n\n    @allure.story(\"密码缺失\")\n    def test_login_failure(self):\n        with allure.step(\"点击用户名\"):\n            print(\"输入用户名\")\n        with allure.step(\"点击密码\"):\n            print(\"输入密码\")\n        print(\"点击登录\")\n        with allure.step(\"点击登录之后失败\"):\n>           assert  '1' == 1\nE           AssertionError: assert '1' == 1\n\ntest_allure.py:30: AssertionError",
  "flaky" : false,
  "newFailed" : false,
  "beforeStages" : [ ],
  "testStage" : {
    "status" : "failed",
    "statusMessage" : "AssertionError: assert '1' == 1",
    "statusTrace" : "self = <test_allure.TestLogin object at 0x0000017B77CE3790>\n\n    @allure.story(\"密码缺失\")\n    def test_login_failure(self):\n        with allure.step(\"点击用户名\"):\n            print(\"输入用户名\")\n        with allure.step(\"点击密码\"):\n            print(\"输入密码\")\n        print(\"点击登录\")\n        with allure.step(\"点击登录之后失败\"):\n>           assert  '1' == 1\nE           AssertionError: assert '1' == 1\n\ntest_allure.py:30: AssertionError",
    "steps" : [ {
      "name" : "点击用户名",
      "time" : {
        "start" : 1631086687710,
        "stop" : 1631086687710,
        "duration" : 0
      },
      "status" : "passed",
      "steps" : [ ],
      "attachments" : [ ],
      "parameters" : [ ],
      "hasContent" : false,
      "stepsCount" : 0,
      "shouldDisplayMessage" : false,
      "attachmentsCount" : 0
    }, {
      "name" : "点击密码",
      "time" : {
        "start" : 1631086687710,
        "stop" : 1631086687710,
        "duration" : 0
      },
      "status" : "passed",
      "steps" : [ ],
      "attachments" : [ ],
      "parameters" : [ ],
      "hasContent" : false,
      "stepsCount" : 0,
      "shouldDisplayMessage" : false,
      "attachmentsCount" : 0
    }, {
      "name" : "点击登录之后失败",
      "time" : {
        "start" : 1631086687710,
        "stop" : 1631086687710,
        "duration" : 0
      },
      "status" : "failed",
      "statusMessage" : "AssertionError: assert '1' == 1\n",
      "statusTrace" : "  File \"E:\\python\\hogwarts_test\\test_allure.py\", line 30, in test_login_failure\n    assert  '1' == 1\n",
      "steps" : [ ],
      "attachments" : [ ],
      "parameters" : [ ],
      "hasContent" : true,
      "stepsCount" : 0,
      "shouldDisplayMessage" : true,
      "attachmentsCount" : 0
    } ],
    "attachments" : [ {
      "uid" : "e8f20ac144eacbaf",
      "name" : "stdout",
      "source" : "e8f20ac144eacbaf.txt",
      "type" : "text/plain",
      "size" : 42
    } ],
    "parameters" : [ ],
    "hasContent" : true,
    "stepsCount" : 3,
    "shouldDisplayMessage" : true,
    "attachmentsCount" : 1
  },
  "afterStages" : [ ],
  "labels" : [ {
    "name" : "story",
    "value" : "密码缺失"
  }, {
    "name" : "feature",
    "value" : "登录模块"
  }, {
    "name" : "suite",
    "value" : "test_allure"
  }, {
    "name" : "subSuite",
    "value" : "TestLogin"
  }, {
    "name" : "host",
    "value" : "only"
  }, {
    "name" : "thread",
    "value" : "692-MainThread"
  }, {
    "name" : "framework",
    "value" : "pytest"
  }, {
    "name" : "language",
    "value" : "cpython3"
  }, {
    "name" : "package",
    "value" : "test_allure"
  }, {
    "name" : "resultFormat",
    "value" : "allure2"
  } ],
  "parameters" : [ ],
  "links" : [ ],
  "hidden" : false,
  "retry" : false,
  "extra" : {
    "severity" : "normal",
    "retries" : [ ],
    "categories" : [ {
      "name" : "Product defects",
      "matchedStatuses" : [ ],
      "flaky" : false
    } ],
    "tags" : [ ]
  },
  "source" : "9782a5a816555c58.json",
  "parameterValues" : [ ]
}